Determining if the Q_WS_WIN exist failed with the following output:
Change Dir: /home/mjkersey/dev/systach/nightly/build/CMakeFiles/CMakeTmp

Run Build Command:"/usr/bin/make" "cmTryCompileExec956052745/fast"
/usr/bin/make -f CMakeFiles/cmTryCompileExec956052745.dir/build.make CMakeFiles/cmTryCompileExec956052745.dir/build
make[1]: Entering directory '/home/mjkersey/dev/systach/nightly/build/CMakeFiles/CMakeTmp'
/usr/bin/cmake -E cmake_progress_report /home/mjkersey/dev/systach/nightly/build/CMakeFiles/CMakeTmp/CMakeFiles 1
Building C object CMakeFiles/cmTryCompileExec956052745.dir/CheckSymbolExists.c.o
/usr/bin/cc   -I/usr/include/qt4    -o CMakeFiles/cmTryCompileExec956052745.dir/CheckSymbolExists.c.o   -c /home/mjkersey/dev/systach/nightly/build/CMakeFiles/CMakeTmp/CheckSymbolExists.c
/home/mjkersey/dev/systach/nightly/build/CMakeFiles/CMakeTmp/CheckSymbolExists.c: In function ‘main’:
/home/mjkersey/dev/systach/nightly/build/CMakeFiles/CMakeTmp/CheckSymbolExists.c:8:19: error: ‘Q_WS_WIN’ undeclared (first use in this function)
   return ((int*)(&Q_WS_WIN))[argc];
                   ^
/home/mjkersey/dev/systach/nightly/build/CMakeFiles/CMakeTmp/CheckSymbolExists.c:8:19: note: each undeclared identifier is reported only once for each function it appears in
CMakeFiles/cmTryCompileExec956052745.dir/build.make:57: recipe for target 'CMakeFiles/cmTryCompileExec956052745.dir/CheckSymbolExists.c.o' failed
make[1]: *** [CMakeFiles/cmTryCompileExec956052745.dir/CheckSymbolExists.c.o] Error 1
make[1]: Leaving directory '/home/mjkersey/dev/systach/nightly/build/CMakeFiles/CMakeTmp'
Makefile:118: recipe for target 'cmTryCompileExec956052745/fast' failed
make: *** [cmTryCompileExec956052745/fast] Error 2

File /home/mjkersey/dev/systach/nightly/build/CMakeFiles/CMakeTmp/CheckSymbolExists.c:
/* */
#include <QtCore/qglobal.h>

int main(int argc, char** argv)
{
  (void)argv;
#ifndef Q_WS_WIN
  return ((int*)(&Q_WS_WIN))[argc];
#else
  (void)argc;
  return 0;
#endif
}

Determining if the Q_WS_QWS exist failed with the following output:
Change Dir: /home/mjkersey/dev/systach/nightly/build/CMakeFiles/CMakeTmp

Run Build Command:"/usr/bin/make" "cmTryCompileExec4245361373/fast"
/usr/bin/make -f CMakeFiles/cmTryCompileExec4245361373.dir/build.make CMakeFiles/cmTryCompileExec4245361373.dir/build
make[1]: Entering directory '/home/mjkersey/dev/systach/nightly/build/CMakeFiles/CMakeTmp'
/usr/bin/cmake -E cmake_progress_report /home/mjkersey/dev/systach/nightly/build/CMakeFiles/CMakeTmp/CMakeFiles 1
Building C object CMakeFiles/cmTryCompileExec4245361373.dir/CheckSymbolExists.c.o
/usr/bin/cc   -I/usr/include/qt4    -o CMakeFiles/cmTryCompileExec4245361373.dir/CheckSymbolExists.c.o   -c /home/mjkersey/dev/systach/nightly/build/CMakeFiles/CMakeTmp/CheckSymbolExists.c
/home/mjkersey/dev/systach/nightly/build/CMakeFiles/CMakeTmp/CheckSymbolExists.c: In function ‘main’:
/home/mjkersey/dev/systach/nightly/build/CMakeFiles/CMakeTmp/CheckSymbolExists.c:8:19: error: ‘Q_WS_QWS’ undeclared (first use in this function)
   return ((int*)(&Q_WS_QWS))[argc];
                   ^
/home/mjkersey/dev/systach/nightly/build/CMakeFiles/CMakeTmp/CheckSymbolExists.c:8:19: note: each undeclared identifier is reported only once for each function it appears in
CMakeFiles/cmTryCompileExec4245361373.dir/build.make:57: recipe for target 'CMakeFiles/cmTryCompileExec4245361373.dir/CheckSymbolExists.c.o' failed
make[1]: *** [CMakeFiles/cmTryCompileExec4245361373.dir/CheckSymbolExists.c.o] Error 1
make[1]: Leaving directory '/home/mjkersey/dev/systach/nightly/build/CMakeFiles/CMakeTmp'
Makefile:118: recipe for target 'cmTryCompileExec4245361373/fast' failed
make: *** [cmTryCompileExec4245361373/fast] Error 2

File /home/mjkersey/dev/systach/nightly/build/CMakeFiles/CMakeTmp/CheckSymbolExists.c:
/* */
#include <QtCore/qglobal.h>

int main(int argc, char** argv)
{
  (void)argv;
#ifndef Q_WS_QWS
  return ((int*)(&Q_WS_QWS))[argc];
#else
  (void)argc;
  return 0;
#endif
}

Determining if the Q_WS_MAC exist failed with the following output:
Change Dir: /home/mjkersey/dev/systach/nightly/build/CMakeFiles/CMakeTmp

Run Build Command:"/usr/bin/make" "cmTryCompileExec2966413328/fast"
/usr/bin/make -f CMakeFiles/cmTryCompileExec2966413328.dir/build.make CMakeFiles/cmTryCompileExec2966413328.dir/build
make[1]: Entering directory '/home/mjkersey/dev/systach/nightly/build/CMakeFiles/CMakeTmp'
/usr/bin/cmake -E cmake_progress_report /home/mjkersey/dev/systach/nightly/build/CMakeFiles/CMakeTmp/CMakeFiles 1
Building C object CMakeFiles/cmTryCompileExec2966413328.dir/CheckSymbolExists.c.o
/usr/bin/cc   -I/usr/include/qt4    -o CMakeFiles/cmTryCompileExec2966413328.dir/CheckSymbolExists.c.o   -c /home/mjkersey/dev/systach/nightly/build/CMakeFiles/CMakeTmp/CheckSymbolExists.c
/home/mjkersey/dev/systach/nightly/build/CMakeFiles/CMakeTmp/CheckSymbolExists.c: In function ‘main’:
/home/mjkersey/dev/systach/nightly/build/CMakeFiles/CMakeTmp/CheckSymbolExists.c:8:19: error: ‘Q_WS_MAC’ undeclared (first use in this function)
   return ((int*)(&Q_WS_MAC))[argc];
                   ^
/home/mjkersey/dev/systach/nightly/build/CMakeFiles/CMakeTmp/CheckSymbolExists.c:8:19: note: each undeclared identifier is reported only once for each function it appears in
CMakeFiles/cmTryCompileExec2966413328.dir/build.make:57: recipe for target 'CMakeFiles/cmTryCompileExec2966413328.dir/CheckSymbolExists.c.o' failed
make[1]: Leaving directory '/home/mjkersey/dev/systach/nightly/build/CMakeFiles/CMakeTmp'
make[1]: *** [CMakeFiles/cmTryCompileExec2966413328.dir/CheckSymbolExists.c.o] Error 1
Makefile:118: recipe for target 'cmTryCompileExec2966413328/fast' failed
make: *** [cmTryCompileExec2966413328/fast] Error 2

File /home/mjkersey/dev/systach/nightly/build/CMakeFiles/CMakeTmp/CheckSymbolExists.c:
/* */
#include <QtCore/qglobal.h>

int main(int argc, char** argv)
{
  (void)argv;
#ifndef Q_WS_MAC
  return ((int*)(&Q_WS_MAC))[argc];
#else
  (void)argc;
  return 0;
#endif
}

Determining if the pthread_create exist failed with the following output:
Change Dir: /home/mjkersey/dev/systach/nightly/build/CMakeFiles/CMakeTmp

Run Build Command:"/usr/bin/make" "cmTryCompileExec738942906/fast"
/usr/bin/make -f CMakeFiles/cmTryCompileExec738942906.dir/build.make CMakeFiles/cmTryCompileExec738942906.dir/build
make[1]: Entering directory '/home/mjkersey/dev/systach/nightly/build/CMakeFiles/CMakeTmp'
/usr/bin/cmake -E cmake_progress_report /home/mjkersey/dev/systach/nightly/build/CMakeFiles/CMakeTmp/CMakeFiles 1
Building C object CMakeFiles/cmTryCompileExec738942906.dir/CheckSymbolExists.c.o
/usr/bin/cc    -o CMakeFiles/cmTryCompileExec738942906.dir/CheckSymbolExists.c.o   -c /home/mjkersey/dev/systach/nightly/build/CMakeFiles/CMakeTmp/CheckSymbolExists.c
Linking C executable cmTryCompileExec738942906
/usr/bin/cmake -E cmake_link_script CMakeFiles/cmTryCompileExec738942906.dir/link.txt --verbose=1
/usr/bin/cc       CMakeFiles/cmTryCompileExec738942906.dir/CheckSymbolExists.c.o  -o cmTryCompileExec738942906 -rdynamic 
CMakeFiles/cmTryCompileExec738942906.dir/CheckSymbolExists.c.o: In function `main':
CheckSymbolExists.c:(.text+0x16): undefined reference to `pthread_create'
collect2: error: ld returned 1 exit status
CMakeFiles/cmTryCompileExec738942906.dir/build.make:88: recipe for target 'cmTryCompileExec738942906' failed
make[1]: *** [cmTryCompileExec738942906] Error 1
make[1]: Leaving directory '/home/mjkersey/dev/systach/nightly/build/CMakeFiles/CMakeTmp'
Makefile:118: recipe for target 'cmTryCompileExec738942906/fast' failed
make: *** [cmTryCompileExec738942906/fast] Error 2

File /home/mjkersey/dev/systach/nightly/build/CMakeFiles/CMakeTmp/CheckSymbolExists.c:
/* */
#include <pthread.h>

int main(int argc, char** argv)
{
  (void)argv;
#ifndef pthread_create
  return ((int*)(&pthread_create))[argc];
#else
  (void)argc;
  return 0;
#endif
}

Determining if the function pthread_create exists in the pthreads failed with the following output:
Change Dir: /home/mjkersey/dev/systach/nightly/build/CMakeFiles/CMakeTmp

Run Build Command:"/usr/bin/make" "cmTryCompileExec3414859675/fast"
/usr/bin/make -f CMakeFiles/cmTryCompileExec3414859675.dir/build.make CMakeFiles/cmTryCompileExec3414859675.dir/build
make[1]: Entering directory '/home/mjkersey/dev/systach/nightly/build/CMakeFiles/CMakeTmp'
/usr/bin/cmake -E cmake_progress_report /home/mjkersey/dev/systach/nightly/build/CMakeFiles/CMakeTmp/CMakeFiles 1
Building C object CMakeFiles/cmTryCompileExec3414859675.dir/CheckFunctionExists.c.o
/usr/bin/cc   -DCHECK_FUNCTION_EXISTS=pthread_create   -o CMakeFiles/cmTryCompileExec3414859675.dir/CheckFunctionExists.c.o   -c /usr/share/cmake-3.0/Modules/CheckFunctionExists.c
Linking C executable cmTryCompileExec3414859675
/usr/bin/cmake -E cmake_link_script CMakeFiles/cmTryCompileExec3414859675.dir/link.txt --verbose=1
/usr/bin/cc   -DCHECK_FUNCTION_EXISTS=pthread_create    CMakeFiles/cmTryCompileExec3414859675.dir/CheckFunctionExists.c.o  -o cmTryCompileExec3414859675 -rdynamic -lpthreads 
/usr/bin/ld: cannot find -lpthreads
collect2: error: ld returned 1 exit status
CMakeFiles/cmTryCompileExec3414859675.dir/build.make:88: recipe for target 'cmTryCompileExec3414859675' failed
make[1]: *** [cmTryCompileExec3414859675] Error 1
make[1]: Leaving directory '/home/mjkersey/dev/systach/nightly/build/CMakeFiles/CMakeTmp'
Makefile:118: recipe for target 'cmTryCompileExec3414859675/fast' failed
make: *** [cmTryCompileExec3414859675/fast] Error 2


