Determining if the Q_WS_WIN exist failed with the following output:
Change Dir: /home/mjkersey/dev/systach/unstable/0.11/build/CMakeFiles/CMakeTmp

Run Build Command:"/usr/bin/make" "cmTryCompileExec4078750932/fast"
/usr/bin/make -f CMakeFiles/cmTryCompileExec4078750932.dir/build.make CMakeFiles/cmTryCompileExec4078750932.dir/build
make[1]: Entering directory '/home/mjkersey/dev/systach/unstable/0.11/build/CMakeFiles/CMakeTmp'
/usr/bin/cmake -E cmake_progress_report /home/mjkersey/dev/systach/unstable/0.11/build/CMakeFiles/CMakeTmp/CMakeFiles 1
Building C object CMakeFiles/cmTryCompileExec4078750932.dir/CheckSymbolExists.c.o
/usr/bin/cc   -I/usr/include/qt4    -o CMakeFiles/cmTryCompileExec4078750932.dir/CheckSymbolExists.c.o   -c /home/mjkersey/dev/systach/unstable/0.11/build/CMakeFiles/CMakeTmp/CheckSymbolExists.c
/home/mjkersey/dev/systach/unstable/0.11/build/CMakeFiles/CMakeTmp/CheckSymbolExists.c: In function ‘main’:
/home/mjkersey/dev/systach/unstable/0.11/build/CMakeFiles/CMakeTmp/CheckSymbolExists.c:8:19: error: ‘Q_WS_WIN’ undeclared (first use in this function)
   return ((int*)(&Q_WS_WIN))[argc];
                   ^
/home/mjkersey/dev/systach/unstable/0.11/build/CMakeFiles/CMakeTmp/CheckSymbolExists.c:8:19: note: each undeclared identifier is reported only once for each function it appears in
CMakeFiles/cmTryCompileExec4078750932.dir/build.make:57: recipe for target 'CMakeFiles/cmTryCompileExec4078750932.dir/CheckSymbolExists.c.o' failed
make[1]: *** [CMakeFiles/cmTryCompileExec4078750932.dir/CheckSymbolExists.c.o] Error 1
make[1]: Leaving directory '/home/mjkersey/dev/systach/unstable/0.11/build/CMakeFiles/CMakeTmp'
Makefile:118: recipe for target 'cmTryCompileExec4078750932/fast' failed
make: *** [cmTryCompileExec4078750932/fast] Error 2

File /home/mjkersey/dev/systach/unstable/0.11/build/CMakeFiles/CMakeTmp/CheckSymbolExists.c:
/* */
#include <QtCore/qglobal.h>

int main(int argc, char** argv)
{
  (void)argv;
#ifndef Q_WS_WIN
  return ((int*)(&Q_WS_WIN))[argc];
#else
  (void)argc;
  return 0;
#endif
}

Determining if the Q_WS_QWS exist failed with the following output:
Change Dir: /home/mjkersey/dev/systach/unstable/0.11/build/CMakeFiles/CMakeTmp

Run Build Command:"/usr/bin/make" "cmTryCompileExec3491438459/fast"
/usr/bin/make -f CMakeFiles/cmTryCompileExec3491438459.dir/build.make CMakeFiles/cmTryCompileExec3491438459.dir/build
make[1]: Entering directory '/home/mjkersey/dev/systach/unstable/0.11/build/CMakeFiles/CMakeTmp'
/usr/bin/cmake -E cmake_progress_report /home/mjkersey/dev/systach/unstable/0.11/build/CMakeFiles/CMakeTmp/CMakeFiles 1
Building C object CMakeFiles/cmTryCompileExec3491438459.dir/CheckSymbolExists.c.o
/usr/bin/cc   -I/usr/include/qt4    -o CMakeFiles/cmTryCompileExec3491438459.dir/CheckSymbolExists.c.o   -c /home/mjkersey/dev/systach/unstable/0.11/build/CMakeFiles/CMakeTmp/CheckSymbolExists.c
/home/mjkersey/dev/systach/unstable/0.11/build/CMakeFiles/CMakeTmp/CheckSymbolExists.c: In function ‘main’:
/home/mjkersey/dev/systach/unstable/0.11/build/CMakeFiles/CMakeTmp/CheckSymbolExists.c:8:19: error: ‘Q_WS_QWS’ undeclared (first use in this function)
   return ((int*)(&Q_WS_QWS))[argc];
                   ^
/home/mjkersey/dev/systach/unstable/0.11/build/CMakeFiles/CMakeTmp/CheckSymbolExists.c:8:19: note: each undeclared identifier is reported only once for each function it appears in
CMakeFiles/cmTryCompileExec3491438459.dir/build.make:57: recipe for target 'CMakeFiles/cmTryCompileExec3491438459.dir/CheckSymbolExists.c.o' failed
make[1]: *** [CMakeFiles/cmTryCompileExec3491438459.dir/CheckSymbolExists.c.o] Error 1
make[1]: Leaving directory '/home/mjkersey/dev/systach/unstable/0.11/build/CMakeFiles/CMakeTmp'
Makefile:118: recipe for target 'cmTryCompileExec3491438459/fast' failed
make: *** [cmTryCompileExec3491438459/fast] Error 2

File /home/mjkersey/dev/systach/unstable/0.11/build/CMakeFiles/CMakeTmp/CheckSymbolExists.c:
/* */
#include <QtCore/qglobal.h>

int main(int argc, char** argv)
{
  (void)argv;
#ifndef Q_WS_QWS
  return ((int*)(&Q_WS_QWS))[argc];
#else
  (void)argc;
  return 0;
#endif
}

Determining if the Q_WS_MAC exist failed with the following output:
Change Dir: /home/mjkersey/dev/systach/unstable/0.11/build/CMakeFiles/CMakeTmp

Run Build Command:"/usr/bin/make" "cmTryCompileExec739160391/fast"
/usr/bin/make -f CMakeFiles/cmTryCompileExec739160391.dir/build.make CMakeFiles/cmTryCompileExec739160391.dir/build
make[1]: Entering directory '/home/mjkersey/dev/systach/unstable/0.11/build/CMakeFiles/CMakeTmp'
/usr/bin/cmake -E cmake_progress_report /home/mjkersey/dev/systach/unstable/0.11/build/CMakeFiles/CMakeTmp/CMakeFiles 1
Building C object CMakeFiles/cmTryCompileExec739160391.dir/CheckSymbolExists.c.o
/usr/bin/cc   -I/usr/include/qt4    -o CMakeFiles/cmTryCompileExec739160391.dir/CheckSymbolExists.c.o   -c /home/mjkersey/dev/systach/unstable/0.11/build/CMakeFiles/CMakeTmp/CheckSymbolExists.c
/home/mjkersey/dev/systach/unstable/0.11/build/CMakeFiles/CMakeTmp/CheckSymbolExists.c: In function ‘main’:
/home/mjkersey/dev/systach/unstable/0.11/build/CMakeFiles/CMakeTmp/CheckSymbolExists.c:8:19: error: ‘Q_WS_MAC’ undeclared (first use in this function)
   return ((int*)(&Q_WS_MAC))[argc];
                   ^
/home/mjkersey/dev/systach/unstable/0.11/build/CMakeFiles/CMakeTmp/CheckSymbolExists.c:8:19: note: each undeclared identifier is reported only once for each function it appears in
CMakeFiles/cmTryCompileExec739160391.dir/build.make:57: recipe for target 'CMakeFiles/cmTryCompileExec739160391.dir/CheckSymbolExists.c.o' failed
make[1]: *** [CMakeFiles/cmTryCompileExec739160391.dir/CheckSymbolExists.c.o] Error 1
make[1]: Leaving directory '/home/mjkersey/dev/systach/unstable/0.11/build/CMakeFiles/CMakeTmp'
Makefile:118: recipe for target 'cmTryCompileExec739160391/fast' failed
make: *** [cmTryCompileExec739160391/fast] Error 2

File /home/mjkersey/dev/systach/unstable/0.11/build/CMakeFiles/CMakeTmp/CheckSymbolExists.c:
/* */
#include <QtCore/qglobal.h>

int main(int argc, char** argv)
{
  (void)argv;
#ifndef Q_WS_MAC
  return ((int*)(&Q_WS_MAC))[argc];
#else
  (void)argc;
  return 0;
#endif
}

Determining if the pthread_create exist failed with the following output:
Change Dir: /home/mjkersey/dev/systach/unstable/0.11/build/CMakeFiles/CMakeTmp

Run Build Command:"/usr/bin/make" "cmTryCompileExec2483908481/fast"
/usr/bin/make -f CMakeFiles/cmTryCompileExec2483908481.dir/build.make CMakeFiles/cmTryCompileExec2483908481.dir/build
make[1]: Entering directory '/home/mjkersey/dev/systach/unstable/0.11/build/CMakeFiles/CMakeTmp'
/usr/bin/cmake -E cmake_progress_report /home/mjkersey/dev/systach/unstable/0.11/build/CMakeFiles/CMakeTmp/CMakeFiles 1
Building C object CMakeFiles/cmTryCompileExec2483908481.dir/CheckSymbolExists.c.o
/usr/bin/cc    -o CMakeFiles/cmTryCompileExec2483908481.dir/CheckSymbolExists.c.o   -c /home/mjkersey/dev/systach/unstable/0.11/build/CMakeFiles/CMakeTmp/CheckSymbolExists.c
Linking C executable cmTryCompileExec2483908481
/usr/bin/cmake -E cmake_link_script CMakeFiles/cmTryCompileExec2483908481.dir/link.txt --verbose=1
/usr/bin/cc       CMakeFiles/cmTryCompileExec2483908481.dir/CheckSymbolExists.c.o  -o cmTryCompileExec2483908481 -rdynamic 
CMakeFiles/cmTryCompileExec2483908481.dir/CheckSymbolExists.c.o: In function `main':
CheckSymbolExists.c:(.text+0x16): undefined reference to `pthread_create'
collect2: error: ld returned 1 exit status
CMakeFiles/cmTryCompileExec2483908481.dir/build.make:88: recipe for target 'cmTryCompileExec2483908481' failed
make[1]: Leaving directory '/home/mjkersey/dev/systach/unstable/0.11/build/CMakeFiles/CMakeTmp'
make[1]: *** [cmTryCompileExec2483908481] Error 1
Makefile:118: recipe for target 'cmTryCompileExec2483908481/fast' failed
make: *** [cmTryCompileExec2483908481/fast] Error 2

File /home/mjkersey/dev/systach/unstable/0.11/build/CMakeFiles/CMakeTmp/CheckSymbolExists.c:
/* */
#include <pthread.h>

int main(int argc, char** argv)
{
  (void)argv;
#ifndef pthread_create
  return ((int*)(&pthread_create))[argc];
#else
  (void)argc;
  return 0;
#endif
}

Determining if the function pthread_create exists in the pthreads failed with the following output:
Change Dir: /home/mjkersey/dev/systach/unstable/0.11/build/CMakeFiles/CMakeTmp

Run Build Command:"/usr/bin/make" "cmTryCompileExec423424158/fast"
/usr/bin/make -f CMakeFiles/cmTryCompileExec423424158.dir/build.make CMakeFiles/cmTryCompileExec423424158.dir/build
make[1]: Entering directory '/home/mjkersey/dev/systach/unstable/0.11/build/CMakeFiles/CMakeTmp'
/usr/bin/cmake -E cmake_progress_report /home/mjkersey/dev/systach/unstable/0.11/build/CMakeFiles/CMakeTmp/CMakeFiles 1
Building C object CMakeFiles/cmTryCompileExec423424158.dir/CheckFunctionExists.c.o
/usr/bin/cc   -DCHECK_FUNCTION_EXISTS=pthread_create   -o CMakeFiles/cmTryCompileExec423424158.dir/CheckFunctionExists.c.o   -c /usr/share/cmake-3.0/Modules/CheckFunctionExists.c
Linking C executable cmTryCompileExec423424158
/usr/bin/cmake -E cmake_link_script CMakeFiles/cmTryCompileExec423424158.dir/link.txt --verbose=1
/usr/bin/cc   -DCHECK_FUNCTION_EXISTS=pthread_create    CMakeFiles/cmTryCompileExec423424158.dir/CheckFunctionExists.c.o  -o cmTryCompileExec423424158 -rdynamic -lpthreads 
/usr/bin/ld: cannot find -lpthreads
collect2: error: ld returned 1 exit status
CMakeFiles/cmTryCompileExec423424158.dir/build.make:88: recipe for target 'cmTryCompileExec423424158' failed
make[1]: Leaving directory '/home/mjkersey/dev/systach/unstable/0.11/build/CMakeFiles/CMakeTmp'
make[1]: *** [cmTryCompileExec423424158] Error 1
Makefile:118: recipe for target 'cmTryCompileExec423424158/fast' failed
make: *** [cmTryCompileExec423424158/fast] Error 2


