Determining if the Q_WS_WIN exist failed with the following output:
Change Dir: /home/mjkersey/dev/systach/stable/0.1/build/CMakeFiles/CMakeTmp

Run Build Command:"/usr/bin/make" "cmTryCompileExec3464275800/fast"
/usr/bin/make -f CMakeFiles/cmTryCompileExec3464275800.dir/build.make CMakeFiles/cmTryCompileExec3464275800.dir/build
make[1]: Entering directory '/home/mjkersey/dev/systach/stable/0.1/build/CMakeFiles/CMakeTmp'
/usr/bin/cmake -E cmake_progress_report /home/mjkersey/dev/systach/stable/0.1/build/CMakeFiles/CMakeTmp/CMakeFiles 1
Building C object CMakeFiles/cmTryCompileExec3464275800.dir/CheckSymbolExists.c.o
/usr/bin/cc   -I/usr/include/qt4    -o CMakeFiles/cmTryCompileExec3464275800.dir/CheckSymbolExists.c.o   -c /home/mjkersey/dev/systach/stable/0.1/build/CMakeFiles/CMakeTmp/CheckSymbolExists.c
/home/mjkersey/dev/systach/stable/0.1/build/CMakeFiles/CMakeTmp/CheckSymbolExists.c: In function ‘main’:
/home/mjkersey/dev/systach/stable/0.1/build/CMakeFiles/CMakeTmp/CheckSymbolExists.c:8:19: error: ‘Q_WS_WIN’ undeclared (first use in this function)
   return ((int*)(&Q_WS_WIN))[argc];
                   ^
/home/mjkersey/dev/systach/stable/0.1/build/CMakeFiles/CMakeTmp/CheckSymbolExists.c:8:19: note: each undeclared identifier is reported only once for each function it appears in
CMakeFiles/cmTryCompileExec3464275800.dir/build.make:57: recipe for target 'CMakeFiles/cmTryCompileExec3464275800.dir/CheckSymbolExists.c.o' failed
make[1]: *** [CMakeFiles/cmTryCompileExec3464275800.dir/CheckSymbolExists.c.o] Error 1
make[1]: Leaving directory '/home/mjkersey/dev/systach/stable/0.1/build/CMakeFiles/CMakeTmp'
Makefile:118: recipe for target 'cmTryCompileExec3464275800/fast' failed
make: *** [cmTryCompileExec3464275800/fast] Error 2

File /home/mjkersey/dev/systach/stable/0.1/build/CMakeFiles/CMakeTmp/CheckSymbolExists.c:
/* */
#include <QtCore/qglobal.h>

int main(int argc, char** argv)
{
  (void)argv;
#ifndef Q_WS_WIN
  return ((int*)(&Q_WS_WIN))[argc];
#else
  (void)argc;
  return 0;
#endif
}

Determining if the Q_WS_QWS exist failed with the following output:
Change Dir: /home/mjkersey/dev/systach/stable/0.1/build/CMakeFiles/CMakeTmp

Run Build Command:"/usr/bin/make" "cmTryCompileExec519523181/fast"
/usr/bin/make -f CMakeFiles/cmTryCompileExec519523181.dir/build.make CMakeFiles/cmTryCompileExec519523181.dir/build
make[1]: Entering directory '/home/mjkersey/dev/systach/stable/0.1/build/CMakeFiles/CMakeTmp'
/usr/bin/cmake -E cmake_progress_report /home/mjkersey/dev/systach/stable/0.1/build/CMakeFiles/CMakeTmp/CMakeFiles 1
Building C object CMakeFiles/cmTryCompileExec519523181.dir/CheckSymbolExists.c.o
/usr/bin/cc   -I/usr/include/qt4    -o CMakeFiles/cmTryCompileExec519523181.dir/CheckSymbolExists.c.o   -c /home/mjkersey/dev/systach/stable/0.1/build/CMakeFiles/CMakeTmp/CheckSymbolExists.c
/home/mjkersey/dev/systach/stable/0.1/build/CMakeFiles/CMakeTmp/CheckSymbolExists.c: In function ‘main’:
/home/mjkersey/dev/systach/stable/0.1/build/CMakeFiles/CMakeTmp/CheckSymbolExists.c:8:19: error: ‘Q_WS_QWS’ undeclared (first use in this function)
   return ((int*)(&Q_WS_QWS))[argc];
                   ^
/home/mjkersey/dev/systach/stable/0.1/build/CMakeFiles/CMakeTmp/CheckSymbolExists.c:8:19: note: each undeclared identifier is reported only once for each function it appears in
CMakeFiles/cmTryCompileExec519523181.dir/build.make:57: recipe for target 'CMakeFiles/cmTryCompileExec519523181.dir/CheckSymbolExists.c.o' failed
make[1]: Leaving directory '/home/mjkersey/dev/systach/stable/0.1/build/CMakeFiles/CMakeTmp'
make[1]: *** [CMakeFiles/cmTryCompileExec519523181.dir/CheckSymbolExists.c.o] Error 1
Makefile:118: recipe for target 'cmTryCompileExec519523181/fast' failed
make: *** [cmTryCompileExec519523181/fast] Error 2

File /home/mjkersey/dev/systach/stable/0.1/build/CMakeFiles/CMakeTmp/CheckSymbolExists.c:
/* */
#include <QtCore/qglobal.h>

int main(int argc, char** argv)
{
  (void)argv;
#ifndef Q_WS_QWS
  return ((int*)(&Q_WS_QWS))[argc];
#else
  (void)argc;
  return 0;
#endif
}

Determining if the Q_WS_MAC exist failed with the following output:
Change Dir: /home/mjkersey/dev/systach/stable/0.1/build/CMakeFiles/CMakeTmp

Run Build Command:"/usr/bin/make" "cmTryCompileExec1536750741/fast"
/usr/bin/make -f CMakeFiles/cmTryCompileExec1536750741.dir/build.make CMakeFiles/cmTryCompileExec1536750741.dir/build
make[1]: Entering directory '/home/mjkersey/dev/systach/stable/0.1/build/CMakeFiles/CMakeTmp'
/usr/bin/cmake -E cmake_progress_report /home/mjkersey/dev/systach/stable/0.1/build/CMakeFiles/CMakeTmp/CMakeFiles 1
Building C object CMakeFiles/cmTryCompileExec1536750741.dir/CheckSymbolExists.c.o
/usr/bin/cc   -I/usr/include/qt4    -o CMakeFiles/cmTryCompileExec1536750741.dir/CheckSymbolExists.c.o   -c /home/mjkersey/dev/systach/stable/0.1/build/CMakeFiles/CMakeTmp/CheckSymbolExists.c
/home/mjkersey/dev/systach/stable/0.1/build/CMakeFiles/CMakeTmp/CheckSymbolExists.c: In function ‘main’:
/home/mjkersey/dev/systach/stable/0.1/build/CMakeFiles/CMakeTmp/CheckSymbolExists.c:8:19: error: ‘Q_WS_MAC’ undeclared (first use in this function)
   return ((int*)(&Q_WS_MAC))[argc];
                   ^
/home/mjkersey/dev/systach/stable/0.1/build/CMakeFiles/CMakeTmp/CheckSymbolExists.c:8:19: note: each undeclared identifier is reported only once for each function it appears in
CMakeFiles/cmTryCompileExec1536750741.dir/build.make:57: recipe for target 'CMakeFiles/cmTryCompileExec1536750741.dir/CheckSymbolExists.c.o' failed
make[1]: Leaving directory '/home/mjkersey/dev/systach/stable/0.1/build/CMakeFiles/CMakeTmp'
make[1]: *** [CMakeFiles/cmTryCompileExec1536750741.dir/CheckSymbolExists.c.o] Error 1
Makefile:118: recipe for target 'cmTryCompileExec1536750741/fast' failed
make: *** [cmTryCompileExec1536750741/fast] Error 2

File /home/mjkersey/dev/systach/stable/0.1/build/CMakeFiles/CMakeTmp/CheckSymbolExists.c:
/* */
#include <QtCore/qglobal.h>

int main(int argc, char** argv)
{
  (void)argv;
#ifndef Q_WS_MAC
  return ((int*)(&Q_WS_MAC))[argc];
#else
  (void)argc;
  return 0;
#endif
}

Determining if the pthread_create exist failed with the following output:
Change Dir: /home/mjkersey/dev/systach/stable/0.1/build/CMakeFiles/CMakeTmp

Run Build Command:"/usr/bin/make" "cmTryCompileExec3419342247/fast"
/usr/bin/make -f CMakeFiles/cmTryCompileExec3419342247.dir/build.make CMakeFiles/cmTryCompileExec3419342247.dir/build
make[1]: Entering directory '/home/mjkersey/dev/systach/stable/0.1/build/CMakeFiles/CMakeTmp'
/usr/bin/cmake -E cmake_progress_report /home/mjkersey/dev/systach/stable/0.1/build/CMakeFiles/CMakeTmp/CMakeFiles 1
Building C object CMakeFiles/cmTryCompileExec3419342247.dir/CheckSymbolExists.c.o
/usr/bin/cc    -o CMakeFiles/cmTryCompileExec3419342247.dir/CheckSymbolExists.c.o   -c /home/mjkersey/dev/systach/stable/0.1/build/CMakeFiles/CMakeTmp/CheckSymbolExists.c
Linking C executable cmTryCompileExec3419342247
/usr/bin/cmake -E cmake_link_script CMakeFiles/cmTryCompileExec3419342247.dir/link.txt --verbose=1
/usr/bin/cc       CMakeFiles/cmTryCompileExec3419342247.dir/CheckSymbolExists.c.o  -o cmTryCompileExec3419342247 -rdynamic 
CMakeFiles/cmTryCompileExec3419342247.dir/CheckSymbolExists.c.o: In function `main':
CheckSymbolExists.c:(.text+0x16): undefined reference to `pthread_create'
collect2: error: ld returned 1 exit status
CMakeFiles/cmTryCompileExec3419342247.dir/build.make:88: recipe for target 'cmTryCompileExec3419342247' failed
make[1]: *** [cmTryCompileExec3419342247] Error 1
make[1]: Leaving directory '/home/mjkersey/dev/systach/stable/0.1/build/CMakeFiles/CMakeTmp'
Makefile:118: recipe for target 'cmTryCompileExec3419342247/fast' failed
make: *** [cmTryCompileExec3419342247/fast] Error 2

File /home/mjkersey/dev/systach/stable/0.1/build/CMakeFiles/CMakeTmp/CheckSymbolExists.c:
/* */
#include <pthread.h>

int main(int argc, char** argv)
{
  (void)argv;
#ifndef pthread_create
  return ((int*)(&pthread_create))[argc];
#else
  (void)argc;
  return 0;
#endif
}

Determining if the function pthread_create exists in the pthreads failed with the following output:
Change Dir: /home/mjkersey/dev/systach/stable/0.1/build/CMakeFiles/CMakeTmp

Run Build Command:"/usr/bin/make" "cmTryCompileExec1418916596/fast"
/usr/bin/make -f CMakeFiles/cmTryCompileExec1418916596.dir/build.make CMakeFiles/cmTryCompileExec1418916596.dir/build
make[1]: Entering directory '/home/mjkersey/dev/systach/stable/0.1/build/CMakeFiles/CMakeTmp'
/usr/bin/cmake -E cmake_progress_report /home/mjkersey/dev/systach/stable/0.1/build/CMakeFiles/CMakeTmp/CMakeFiles 1
Building C object CMakeFiles/cmTryCompileExec1418916596.dir/CheckFunctionExists.c.o
/usr/bin/cc   -DCHECK_FUNCTION_EXISTS=pthread_create   -o CMakeFiles/cmTryCompileExec1418916596.dir/CheckFunctionExists.c.o   -c /usr/share/cmake-3.0/Modules/CheckFunctionExists.c
Linking C executable cmTryCompileExec1418916596
/usr/bin/cmake -E cmake_link_script CMakeFiles/cmTryCompileExec1418916596.dir/link.txt --verbose=1
/usr/bin/cc   -DCHECK_FUNCTION_EXISTS=pthread_create    CMakeFiles/cmTryCompileExec1418916596.dir/CheckFunctionExists.c.o  -o cmTryCompileExec1418916596 -rdynamic -lpthreads 
/usr/bin/ld: cannot find -lpthreads
collect2: error: ld returned 1 exit status
CMakeFiles/cmTryCompileExec1418916596.dir/build.make:88: recipe for target 'cmTryCompileExec1418916596' failed
make[1]: *** [cmTryCompileExec1418916596] Error 1
make[1]: Leaving directory '/home/mjkersey/dev/systach/stable/0.1/build/CMakeFiles/CMakeTmp'
Makefile:118: recipe for target 'cmTryCompileExec1418916596/fast' failed
make: *** [cmTryCompileExec1418916596/fast] Error 2


